[2026-07-12T05:02:08.984Z] Programmatic SEO Restructured Vault Engine Starting...
[2026-07-12T05:02:08.996Z] Checking crontab configuration...
[2026-07-12T05:02:09.003Z] Updating crontab schedule (Wed and Sun at 00:00)...
[2026-07-12T05:02:09.007Z] Failed to setup crontab: Command failed: crontab /tmp/new_cron
/bin/sh: 1: crontab: not found

[2026-07-12T05:02:09.009Z] Found 5 un-generated keywords to process.
[2026-07-12T05:02:09.009Z] Processing keyword: "best text to handwriting converter online" for app: "inktwin.primuez.in"
[2026-07-12T05:02:09.009Z] Attempting generation with NVIDIA NIM...
[2026-07-12T05:02:09.009Z] Using nvidia API for generation...
[2026-07-12T05:02:51.107Z] Successfully generated and wrote page to vault: /opt/data/home/git/primuez-seo-vault/inktwin/2026-07-12-best-text-to-handwriting-converter-online.md
[2026-07-12T05:02:51.107Z] Processing keyword: "turn my handwriting into a custom ai font" for app: "inktwin.primuez.in"
[2026-07-12T05:02:51.108Z] Attempting generation with NVIDIA NIM...
[2026-07-12T05:02:51.108Z] Using nvidia API for generation...
[2026-07-12T05:03:53.949Z] Successfully generated and wrote page to vault: /opt/data/home/git/primuez-seo-vault/inktwin/2026-07-12-turn-my-handwriting-into-a-custom-ai-font.md
[2026-07-12T05:03:53.950Z] Processing keyword: "handwriting to font generator and converter" for app: "inktwin.primuez.in"
[2026-07-12T05:03:53.950Z] Attempting generation with NVIDIA NIM...
[2026-07-12T05:03:53.950Z] Using nvidia API for generation...
[2026-07-12T05:04:48.187Z] Successfully generated and wrote page to vault: /opt/data/home/git/primuez-seo-vault/inktwin/2026-07-12-handwriting-to-font-generator-and-converter.md
[2026-07-12T05:04:48.189Z] Processing keyword: "convert typed text into realistic handwriting" for app: "inktwin.primuez.in"
[2026-07-12T05:04:48.190Z] Attempting generation with NVIDIA NIM...
[2026-07-12T05:04:48.190Z] Using nvidia API for generation...
[2026-07-12T05:05:39.612Z] Successfully generated and wrote page to vault: /opt/data/home/git/primuez-seo-vault/inktwin/2026-07-12-convert-typed-text-into-realistic-handwriting.md
[2026-07-12T05:05:39.612Z] Processing keyword: "turn my handwriting into a digital font format" for app: "inktwin.primuez.in"
[2026-07-12T05:05:39.612Z] Attempting generation with NVIDIA NIM...
[2026-07-12T05:05:39.612Z] Using nvidia API for generation...
[2026-07-12T05:09:51.591Z] Programmatic SEO Restructured Vault Engine Starting...
[2026-07-12T05:09:51.595Z] Checking crontab configuration...
[2026-07-12T05:09:51.600Z] Updating crontab schedule (Wed and Sun at 00:00)...
[2026-07-12T05:09:51.603Z] Failed to setup crontab: Command failed: crontab /tmp/new_cron
/bin/sh: 1: crontab: not found

[2026-07-12T05:09:51.604Z] Found 5 un-generated keywords to process.
[2026-07-12T05:09:51.604Z] Processing keyword: "best text to handwriting converter online" for app: "inktwin.primuez.in"
[2026-07-12T05:09:51.604Z] Attempting generation with NVIDIA NIM...
[2026-07-12T05:09:51.604Z] Using nvidia API for generation...
[2026-07-12T05:09:51.639Z] Processing keyword: "turn my handwriting into a custom ai font" for app: "inktwin.primuez.in"
[2026-07-12T05:09:51.639Z] Attempting generation with NVIDIA NIM...
[2026-07-12T05:09:51.639Z] Using nvidia API for generation...
[2026-07-12T05:09:51.640Z] Processing keyword: "handwriting to font generator and converter" for app: "inktwin.primuez.in"
[2026-07-12T05:09:51.640Z] Attempting generation with NVIDIA NIM...
[2026-07-12T05:09:51.640Z] Using nvidia API for generation...
[2026-07-12T05:09:51.642Z] Processing keyword: "convert typed text into realistic handwriting" for app: "inktwin.primuez.in"
[2026-07-12T05:09:51.642Z] Attempting generation with NVIDIA NIM...
[2026-07-12T05:09:51.642Z] Using nvidia API for generation...
[2026-07-12T05:09:51.643Z] Processing keyword: "turn my handwriting into a digital font format" for app: "inktwin.primuez.in"
[2026-07-12T05:09:51.643Z] Attempting generation with NVIDIA NIM...
[2026-07-12T05:09:51.643Z] Using nvidia API for generation...
[2026-07-12T05:10:12.775Z] Successfully generated and wrote page to vault: /opt/data/home/git/primuez-seo-vault/inktwin/2026-07-12-handwriting-to-font-generator-and-converter.md
[2026-07-12T05:10:13.901Z] Successfully generated and wrote page to vault: /opt/data/home/git/primuez-seo-vault/inktwin/2026-07-12-turn-my-handwriting-into-a-custom-ai-font.md
[2026-07-12T05:10:24.531Z] Successfully generated and wrote page to vault: /opt/data/home/git/primuez-seo-vault/inktwin/2026-07-12-convert-typed-text-into-realistic-handwriting.md
[2026-07-12T05:10:30.712Z] Successfully generated and wrote page to vault: /opt/data/home/git/primuez-seo-vault/inktwin/2026-07-12-turn-my-handwriting-into-a-digital-font-format.md
[2026-07-12T05:10:34.879Z] Successfully generated and wrote page to vault: /opt/data/home/git/primuez-seo-vault/inktwin/2026-07-12-best-text-to-handwriting-converter-online.md
[2026-07-12T05:10:34.880Z] Updated keywords.json file state.
